<?xml version="1.0" encoding="UTF-8"?>
<?xml-stylesheet type="text/xsl" href="ivy-report.xsl"?>
<ivy-report version="1.0">
	<info
		organisation="default"
		module="default-ed0f56"
		revision="0.1-SNAPSHOT"
		extra-sbtVersion="0.12"
		extra-scalaVersion="2.9.2"
		conf="test"
		confs="compile, runtime, test, provided, optional, compile-internal, runtime-internal, test-internal, plugin, sources, docs, pom"
		date="20130614141320"/>
	<dependencies>
		<module organisation="default" name="default-eabeb9">
			<revision name="0.0" status="integration" pubdate="20130614141319" resolver="inter-project" artresolver="inter-project" extra-sbtVersion="0.12" extra-scalaVersion="2.9.2" downloaded="false" searched="false" default="false" conf="default(compile), compile" position="0">
				<metadata-artifact status="failed" details="" size="0" time="0" searched="false"/>
				<caller organisation="default" name="default-ed0f56" conf="test, compile, runtime" rev="0.0" rev-constraint-default="0.0" rev-constraint-dynamic="0.0" callerrev="0.1-SNAPSHOT" extra-sbtVersion="0.12" extra-scalaVersion="2.9.2"/>
				<artifacts>
				</artifacts>
			</revision>
		</module>
		<module organisation="io.spray" name="sbt-revolver">
			<revision name="0.6.2" status="release" pubdate="20121015132957" resolver="sbt-plugin-releases" artresolver="sbt-plugin-releases" homepage="http://github.com/spray/sbt-revolver" extra-sbtVersion="0.12" extra-scalaVersion="2.9.2" downloaded="false" searched="false" default="false" conf="default(compile), compile" position="9">
				<license name="Apache License 2.0" url="https://github.com/spray/sbt-revolver/raw/master/LICENSE"/>
				<metadata-artifact status="no" details="" size="2003" time="0" location="C:\Users\stanch\.ivy2\cache\scala_2.9.2\sbt_0.12\io.spray\sbt-revolver\ivy-0.6.2.xml" searched="false" origin-is-local="false" origin-location="http://scalasbt.artifactoryonline.com/scalasbt/sbt-plugin-releases/io.spray/sbt-revolver/scala_2.9.2/sbt_0.12/0.6.2/ivys/ivy.xml"/>
				<caller organisation="default" name="default-eabeb9" conf="compile" rev="0.6.2" rev-constraint-default="0.6.2" rev-constraint-dynamic="0.6.2" callerrev="0.0" extra-sbtVersion="0.12" extra-scalaVersion="2.9.2"/>
				<artifacts>
					<artifact name="sbt-revolver" type="jar" ext="jar" status="no" details="" size="59932" time="0" location="C:\Users\stanch\.ivy2\cache\scala_2.9.2\sbt_0.12\io.spray\sbt-revolver\jars\sbt-revolver-0.6.2.jar">
						<origin-location is-local="false" location="http://scalasbt.artifactoryonline.com/scalasbt/sbt-plugin-releases/io.spray/sbt-revolver/scala_2.9.2/sbt_0.12/0.6.2/jars/sbt-revolver.jar"/>
					</artifact>
				</artifacts>
			</revision>
		</module>
		<module organisation="com.typesafe.sbteclipse" name="sbteclipse-plugin">
			<revision name="2.2.0" status="release" pubdate="20130425133124" resolver="typesafe-ivy-releases" artresolver="typesafe-ivy-releases" extra-sbtVersion="0.12" extra-scalaVersion="2.9.2" downloaded="false" searched="false" default="false" conf="default(compile), compile" position="5">
				<metadata-artifact status="no" details="" size="1809" time="0" location="C:\Users\stanch\.ivy2\cache\scala_2.9.2\sbt_0.12\com.typesafe.sbteclipse\sbteclipse-plugin\ivy-2.2.0.xml" searched="false" origin-is-local="false" origin-location="http://repo.typesafe.com/typesafe/ivy-releases/com.typesafe.sbteclipse/sbteclipse-plugin/scala_2.9.2/sbt_0.12/2.2.0/ivys/ivy.xml"/>
				<caller organisation="default" name="default-eabeb9" conf="compile" rev="2.2.0" rev-constraint-default="2.2.0" rev-constraint-dynamic="2.2.0" callerrev="0.0" extra-sbtVersion="0.12" extra-scalaVersion="2.9.2"/>
				<artifacts>
					<artifact name="sbteclipse-plugin" type="jar" ext="jar" status="no" details="" size="7979" time="0" location="C:\Users\stanch\.ivy2\cache\scala_2.9.2\sbt_0.12\com.typesafe.sbteclipse\sbteclipse-plugin\jars\sbteclipse-plugin-2.2.0.jar">
						<origin-location is-local="false" location="http://repo.typesafe.com/typesafe/ivy-releases/com.typesafe.sbteclipse/sbteclipse-plugin/scala_2.9.2/sbt_0.12/2.2.0/jars/sbteclipse-plugin.jar"/>
					</artifact>
				</artifacts>
			</revision>
		</module>
		<module organisation="com.typesafe.sbteclipse" name="sbteclipse-core">
			<revision name="2.2.0" status="release" pubdate="20130425133124" resolver="typesafe-ivy-releases" artresolver="typesafe-ivy-releases" extra-sbtVersion="0.12" extra-scalaVersion="2.9.2" downloaded="false" searched="false" default="false" conf="default(compile), compile" position="6">
				<metadata-artifact status="no" details="" size="1749" time="0" location="C:\Users\stanch\.ivy2\cache\scala_2.9.2\sbt_0.12\com.typesafe.sbteclipse\sbteclipse-core\ivy-2.2.0.xml" searched="false" origin-is-local="false" origin-location="http://repo.typesafe.com/typesafe/ivy-releases/com.typesafe.sbteclipse/sbteclipse-core/scala_2.9.2/sbt_0.12/2.2.0/ivys/ivy.xml"/>
				<caller organisation="com.typesafe.sbteclipse" name="sbteclipse-plugin" conf="compile" rev="2.2.0" rev-constraint-default="2.2.0" rev-constraint-dynamic="2.2.0" callerrev="2.2.0" extra-sbtVersion="0.12" extra-scalaVersion="2.9.2"/>
				<artifacts>
					<artifact name="sbteclipse-core" type="jar" ext="jar" status="no" details="" size="273882" time="0" location="C:\Users\stanch\.ivy2\cache\scala_2.9.2\sbt_0.12\com.typesafe.sbteclipse\sbteclipse-core\jars\sbteclipse-core-2.2.0.jar">
						<origin-location is-local="false" location="http://repo.typesafe.com/typesafe/ivy-releases/com.typesafe.sbteclipse/sbteclipse-core/scala_2.9.2/sbt_0.12/2.2.0/jars/sbteclipse-core.jar"/>
					</artifact>
				</artifacts>
			</revision>
		</module>
		<module organisation="org.scalaz" name="scalaz-core_2.9.2">
			<revision name="6.0.4" status="release" pubdate="20120414101242" resolver="public" artresolver="public" homepage="http://scalaz.org" downloaded="false" searched="false" default="false" conf="default(compile), default, compile, runtime, master" position="7">
				<license name="BSD-style" url="http://www.opensource.org/licenses/bsd-license.php"/>
				<metadata-artifact status="no" details="" size="2544" time="0" location="C:\Users\stanch\.ivy2\cache\org.scalaz\scalaz-core_2.9.2\ivy-6.0.4.xml" searched="false" origin-is-local="false" origin-location="http://repo1.maven.org/maven2/org/scalaz/scalaz-core_2.9.2/6.0.4/scalaz-core_2.9.2-6.0.4.pom"/>
				<caller organisation="com.typesafe.sbteclipse" name="sbteclipse-core" conf="compile" rev="6.0.4" rev-constraint-default="6.0.4" rev-constraint-dynamic="6.0.4" callerrev="2.2.0"/>
				<artifacts>
					<artifact name="scalaz-core_2.9.2" type="jar" ext="jar" status="no" details="" size="4474099" time="0" location="C:\Users\stanch\.ivy2\cache\org.scalaz\scalaz-core_2.9.2\jars\scalaz-core_2.9.2-6.0.4.jar">
						<origin-location is-local="false" location="http://repo1.maven.org/maven2/org/scalaz/scalaz-core_2.9.2/6.0.4/scalaz-core_2.9.2-6.0.4.jar"/>
					</artifact>
				</artifacts>
			</revision>
		</module>
		<module organisation="com.eed3si9n" name="sbt-assembly">
			<revision name="0.8.8" status="release" pubdate="20130406030121" resolver="sbt-plugin-releases" artresolver="sbt-plugin-releases" extra-sbtVersion="0.12" extra-scalaVersion="2.9.2" downloaded="false" searched="false" default="false" conf="default(compile), compile" position="4">
				<license name="MIT License" url="https://github.com/sbt/sbt-assembly/blob/master/LICENSE"/>
				<metadata-artifact status="no" details="" size="1936" time="0" location="C:\Users\stanch\.ivy2\cache\scala_2.9.2\sbt_0.12\com.eed3si9n\sbt-assembly\ivy-0.8.8.xml" searched="false" origin-is-local="false" origin-location="http://scalasbt.artifactoryonline.com/scalasbt/sbt-plugin-releases/com.eed3si9n/sbt-assembly/scala_2.9.2/sbt_0.12/0.8.8/ivys/ivy.xml"/>
				<caller organisation="default" name="default-eabeb9" conf="compile" rev="0.8.8" rev-constraint-default="0.8.8" rev-constraint-dynamic="0.8.8" callerrev="0.0" extra-sbtVersion="0.12" extra-scalaVersion="2.9.2"/>
				<artifacts>
					<artifact name="sbt-assembly" type="jar" ext="jar" status="no" details="" size="111825" time="0" location="C:\Users\stanch\.ivy2\cache\scala_2.9.2\sbt_0.12\com.eed3si9n\sbt-assembly\jars\sbt-assembly-0.8.8.jar">
						<origin-location is-local="false" location="http://scalasbt.artifactoryonline.com/scalasbt/sbt-plugin-releases/com.eed3si9n/sbt-assembly/scala_2.9.2/sbt_0.12/0.8.8/jars/sbt-assembly.jar"/>
					</artifact>
				</artifacts>
			</revision>
		</module>
		<module organisation="com.github.retronym" name="sbt-onejar">
			<revision name="0.8" status="release" pubdate="20120702232236" resolver="sbt-plugin-releases" artresolver="sbt-plugin-releases" extra-sbtVersion="0.12" extra-scalaVersion="2.9.2" downloaded="false" searched="false" default="false" conf="default(compile), compile" position="3">
				<metadata-artifact status="no" details="" size="1808" time="0" location="C:\Users\stanch\.ivy2\cache\scala_2.9.2\sbt_0.12\com.github.retronym\sbt-onejar\ivy-0.8.xml" searched="false" origin-is-local="false" origin-location="http://scalasbt.artifactoryonline.com/scalasbt/sbt-plugin-releases/com.github.retronym/sbt-onejar/scala_2.9.2/sbt_0.12/0.8/ivys/ivy.xml"/>
				<caller organisation="default" name="default-eabeb9" conf="compile" rev="0.8" rev-constraint-default="0.8" rev-constraint-dynamic="0.8" callerrev="0.0" extra-sbtVersion="0.12" extra-scalaVersion="2.9.2"/>
				<artifacts>
					<artifact name="sbt-onejar" type="jar" ext="jar" status="no" details="" size="147377" time="0" location="C:\Users\stanch\.ivy2\cache\scala_2.9.2\sbt_0.12\com.github.retronym\sbt-onejar\jars\sbt-onejar-0.8.jar">
						<origin-location is-local="false" location="http://scalasbt.artifactoryonline.com/scalasbt/sbt-plugin-releases/com.github.retronym/sbt-onejar/scala_2.9.2/sbt_0.12/0.8/jars/sbt-onejar.jar"/>
					</artifact>
				</artifacts>
			</revision>
		</module>
		<module organisation="com.github.mpeltonen" name="sbt-idea">
			<revision name="1.4.0" status="release" pubdate="20130416123010" resolver="public" artresolver="public" homepage="http://your.project.url" extra-sbtVersion="0.12" extra-scalaVersion="2.9.2" downloaded="false" searched="false" default="false" conf="default(compile), default, compile, runtime, master" position="1">
				<license name="BSD-style" url="http://www.opensource.org/licenses/BSD-3-Clause"/>
				<metadata-artifact status="no" details="" size="3510" time="0" location="C:\Users\stanch\.ivy2\cache\scala_2.9.2\sbt_0.12\com.github.mpeltonen\sbt-idea\ivy-1.4.0.xml" searched="false" origin-is-local="false" origin-location="http://repo1.maven.org/maven2/com/github/mpeltonen/sbt-idea_2.9.2_0.12/1.4.0/sbt-idea-1.4.0.pom"/>
				<caller organisation="default" name="default-eabeb9" conf="compile" rev="1.4.0" rev-constraint-default="1.4.0" rev-constraint-dynamic="1.4.0" callerrev="0.0" extra-sbtVersion="0.12" extra-scalaVersion="2.9.2"/>
				<artifacts>
					<artifact name="sbt-idea" type="jar" ext="jar" status="no" details="" size="340865" time="0" location="C:\Users\stanch\.ivy2\cache\scala_2.9.2\sbt_0.12\com.github.mpeltonen\sbt-idea\jars\sbt-idea-1.4.0.jar">
						<origin-location is-local="false" location="http://repo1.maven.org/maven2/com/github/mpeltonen/sbt-idea_2.9.2_0.12/1.4.0/sbt-idea-1.4.0.jar"/>
					</artifact>
				</artifacts>
			</revision>
		</module>
		<module organisation="commons-io" name="commons-io">
			<revision name="2.0.1" status="release" pubdate="20101226171931" resolver="public" artresolver="public" homepage="http://commons.apache.org/io/" downloaded="false" searched="false" default="false" conf="compile, master(*), runtime, compile(*), runtime(*), master" position="2">
				<metadata-artifact status="no" details="" size="6299" time="0" location="C:\Users\stanch\.ivy2\cache\commons-io\commons-io\ivy-2.0.1.xml" searched="false" origin-is-local="false" origin-location="http://repo1.maven.org/maven2/commons-io/commons-io/2.0.1/commons-io-2.0.1.pom"/>
				<caller organisation="com.github.mpeltonen" name="sbt-idea" conf="default, compile, runtime, master" rev="2.0.1" rev-constraint-default="2.0.1" rev-constraint-dynamic="2.0.1" callerrev="1.4.0"/>
				<artifacts>
					<artifact name="commons-io" type="jar" ext="jar" status="no" details="" size="159509" time="0" location="C:\Users\stanch\.ivy2\cache\commons-io\commons-io\jars\commons-io-2.0.1.jar">
						<origin-location is-local="false" location="http://repo1.maven.org/maven2/commons-io/commons-io/2.0.1/commons-io-2.0.1.jar"/>
					</artifact>
				</artifacts>
			</revision>
		</module>
		<module organisation="org.scala-lang" name="scala-library">
			<revision name="2.9.2" status="release" pubdate="20120413132921" resolver="sbt-chain" artresolver="sbt-chain" homepage="http://www.scala-lang.org/" downloaded="false" searched="false" default="false" conf="compile, master(*), runtime, compile(*), runtime(*), master" position="8">
				<license name="BSD-like" url="http://www.scala-lang.org/downloads/license.html          "/>
				<metadata-artifact status="no" details="" size="2420" time="0" location="C:\Users\stanch\.ivy2\cache\org.scala-lang\scala-library\ivy-2.9.2.xml" searched="false" origin-is-local="false" origin-location="http://repo1.maven.org/maven2/org/scala-lang/scala-library/2.9.2/scala-library-2.9.2.pom"/>
				<caller organisation="org.scalaz" name="scalaz-core_2.9.2" conf="default, compile, runtime, master" rev="2.9.2" rev-constraint-default="2.9.2" rev-constraint-dynamic="2.9.2" callerrev="6.0.4"/>
				<artifacts>
				</artifacts>
			</revision>
		</module>
	</dependencies>
</ivy-report>
